# StreamVersion 1.1
ExposeEvent 0 959 0 0 0 0
RenderEvent 0 959 0 0 0 0
MouseMoveEvent 576 326 0 0 0 0
MouseMoveEvent 575 326 0 0 0 0
MouseMoveEvent 574 327 0 0 0 0
MouseMoveEvent 573 330 0 0 0 0
MouseMoveEvent 573 335 0 0 0 0
MouseMoveEvent 573 341 0 0 0 0
MouseMoveEvent 573 348 0 0 0 0
MouseMoveEvent 573 355 0 0 0 0
MouseMoveEvent 577 370 0 0 0 0
MouseMoveEvent 584 386 0 0 0 0
MouseMoveEvent 591 404 0 0 0 0
MouseMoveEvent 599 423 0 0 0 0
MouseMoveEvent 608 444 0 0 0 0
MouseMoveEvent 617 462 0 0 0 0
MouseMoveEvent 626 477 0 0 0 0
MouseMoveEvent 634 492 0 0 0 0
MouseMoveEvent 641 506 0 0 0 0
MouseMoveEvent 647 520 0 0 0 0
MouseMoveEvent 650 528 0 0 0 0
MouseMoveEvent 652 531 0 0 0 0
MouseMoveEvent 652 533 0 0 0 0
LeftButtonPressEvent 652 533 0 0 0 0
StartInteractionEvent 652 533 0 0 0 0
MouseMoveEvent 650 532 0 0 0 0
RenderEvent 650 532 0 0 0 0
InteractionEvent 650 532 0 0 0 0
MouseMoveEvent 608 474 0 0 0 0
RenderEvent 608 474 0 0 0 0
InteractionEvent 608 474 0 0 0 0
MouseMoveEvent 577 432 0 0 0 0
RenderEvent 577 432 0 0 0 0
InteractionEvent 577 432 0 0 0 0
MouseMoveEvent 546 392 0 0 0 0
RenderEvent 546 392 0 0 0 0
InteractionEvent 546 392 0 0 0 0
MouseMoveEvent 521 352 0 0 0 0
RenderEvent 521 352 0 0 0 0
InteractionEvent 521 352 0 0 0 0
MouseMoveEvent 496 320 0 0 0 0
RenderEvent 496 320 0 0 0 0
InteractionEvent 496 320 0 0 0 0
MouseMoveEvent 480 296 0 0 0 0
RenderEvent 480 296 0 0 0 0
InteractionEvent 480 296 0 0 0 0
MouseMoveEvent 471 280 0 0 0 0
RenderEvent 471 280 0 0 0 0
InteractionEvent 471 280 0 0 0 0
MouseMoveEvent 466 270 0 0 0 0
RenderEvent 466 270 0 0 0 0
InteractionEvent 466 270 0 0 0 0
MouseMoveEvent 463 263 0 0 0 0
RenderEvent 463 263 0 0 0 0
InteractionEvent 463 263 0 0 0 0
MouseMoveEvent 459 258 0 0 0 0
RenderEvent 459 258 0 0 0 0
InteractionEvent 459 258 0 0 0 0
MouseMoveEvent 455 252 0 0 0 0
RenderEvent 455 252 0 0 0 0
InteractionEvent 455 252 0 0 0 0
MouseMoveEvent 452 248 0 0 0 0
RenderEvent 452 248 0 0 0 0
InteractionEvent 452 248 0 0 0 0
MouseMoveEvent 450 246 0 0 0 0
RenderEvent 450 246 0 0 0 0
InteractionEvent 450 246 0 0 0 0
MouseMoveEvent 450 245 0 0 0 0
RenderEvent 450 245 0 0 0 0
InteractionEvent 450 245 0 0 0 0
LeftButtonReleaseEvent 450 245 0 0 0 0
EndInteractionEvent 450 245 0 0 0 0
RenderEvent 450 245 0 0 0 0
MouseMoveEvent 450 245 0 0 0 0
MouseMoveEvent 450 248 0 0 0 0
MouseMoveEvent 450 250 0 0 0 0
MouseMoveEvent 451 254 0 0 0 0
MouseMoveEvent 452 255 0 0 0 0
MouseMoveEvent 453 256 0 0 0 0
MouseMoveEvent 453 258 0 0 0 0
MouseMoveEvent 454 259 0 0 0 0
MouseMoveEvent 454 260 0 0 0 0
MouseMoveEvent 455 262 0 0 0 0
MouseMoveEvent 457 264 0 0 0 0
MouseMoveEvent 458 265 0 0 0 0
MouseMoveEvent 458 267 0 0 0 0
MouseMoveEvent 459 268 0 0 0 0
MouseMoveEvent 459 269 0 0 0 0
MouseMoveEvent 460 270 0 0 0 0
MouseWheelForwardEvent 460 270 0 0 0 0
StartInteractionEvent 460 270 0 0 0 0
RenderEvent 460 270 0 0 0 0
EndInteractionEvent 460 270 0 0 0 0
RenderEvent 460 270 0 0 0 0
MouseMoveEvent 464 274 0 0 0 0
MouseWheelForwardEvent 464 274 0 0 1 0
StartInteractionEvent 464 274 0 0 1 0
RenderEvent 464 274 0 0 1 0
EndInteractionEvent 464 274 0 0 1 0
RenderEvent 464 274 0 0 1 0
MouseWheelForwardEvent 464 274 0 0 0 0
StartInteractionEvent 464 274 0 0 0 0
RenderEvent 464 274 0 0 0 0
EndInteractionEvent 464 274 0 0 0 0
RenderEvent 464 274 0 0 0 0
MouseWheelForwardEvent 464 274 0 0 1 0
StartInteractionEvent 464 274 0 0 1 0
RenderEvent 464 274 0 0 1 0
EndInteractionEvent 464 274 0 0 1 0
RenderEvent 464 274 0 0 1 0
MouseWheelForwardEvent 464 274 0 0 0 0
StartInteractionEvent 464 274 0 0 0 0
RenderEvent 464 274 0 0 0 0
EndInteractionEvent 464 274 0 0 0 0
RenderEvent 464 274 0 0 0 0
MouseWheelForwardEvent 464 274 0 0 1 0
StartInteractionEvent 464 274 0 0 1 0
RenderEvent 464 274 0 0 1 0
EndInteractionEvent 464 274 0 0 1 0
RenderEvent 464 274 0 0 1 0
MouseWheelBackwardEvent 464 274 0 0 0 0
StartInteractionEvent 464 274 0 0 0 0
RenderEvent 464 274 0 0 0 0
EndInteractionEvent 464 274 0 0 0 0
RenderEvent 464 274 0 0 0 0
MouseWheelBackwardEvent 464 274 0 0 1 0
StartInteractionEvent 464 274 0 0 1 0
RenderEvent 464 274 0 0 1 0
EndInteractionEvent 464 274 0 0 1 0
RenderEvent 464 274 0 0 1 0
MouseMoveEvent 468 274 0 0 0 0
MouseWheelBackwardEvent 465 274 0 0 0 0
StartInteractionEvent 465 274 0 0 0 0
RenderEvent 465 274 0 0 0 0
EndInteractionEvent 465 274 0 0 0 0
RenderEvent 465 274 0 0 0 0
MouseMoveEvent 478 274 0 0 0 0
MouseWheelBackwardEvent 467 274 0 0 1 0
StartInteractionEvent 467 274 0 0 1 0
RenderEvent 467 274 0 0 1 0
EndInteractionEvent 467 274 0 0 1 0
RenderEvent 467 274 0 0 1 0
MouseMoveEvent 482 275 0 0 0 0
MouseMoveEvent 482 275 0 0 0 0
MouseWheelBackwardEvent 473 274 0 0 0 0
StartInteractionEvent 473 274 0 0 0 0
RenderEvent 473 274 0 0 0 0
EndInteractionEvent 473 274 0 0 0 0
RenderEvent 473 274 0 0 0 0
MouseMoveEvent 485 275 0 0 0 0
MouseWheelBackwardEvent 478 274 0 0 1 0
StartInteractionEvent 478 274 0 0 1 0
RenderEvent 478 274 0 0 1 0
EndInteractionEvent 478 274 0 0 1 0
RenderEvent 478 274 0 0 1 0
MouseMoveEvent 487 276 0 0 0 0
MouseWheelBackwardEvent 482 275 0 0 0 0
StartInteractionEvent 482 275 0 0 0 0
RenderEvent 482 275 0 0 0 0
EndInteractionEvent 482 275 0 0 0 0
RenderEvent 482 275 0 0 0 0
MouseMoveEvent 489 276 0 0 0 0
MouseWheelBackwardEvent 485 275 0 0 1 0
StartInteractionEvent 485 275 0 0 1 0
RenderEvent 485 275 0 0 1 0
EndInteractionEvent 485 275 0 0 1 0
RenderEvent 485 275 0 0 1 0
MouseMoveEvent 489 276 0 0 0 0
MouseMoveEvent 489 276 0 0 0 0
